Der Buildvorgang wurde am 05.05.2014 16:16:39 gestartet.
     1>Projekt "C:\Users\Johannes\documents\visual studio 2013\Projects\mySwing-SoSe14-Bahlo,Wahl\mySwing-SoSe14-Bahlo,Wahl\mySwing-SoSe14-Bahlo,Wahl.vcxproj" auf Knoten "2", Build Ziel(e).
     1>ClCompile:
         C:\Program Files (x86)\Microsoft Visual Studio 12.0\VC\bin\CL.exe /c /ZI /nologo /W3 /WX- /Od /Oy- /D WIN32 /D _DEBUG /D _CONSOLE /D _LIB /D _UNICODE /D UNICODE /Gm /EHsc /RTC1 /MDd /GS /fp:precise /Zc:wchar_t /Zc:forScope /Fo"Debug\\" /Fd"Debug\vc120.pdb" /Gd /TP /analyze- /errorReport:prompt "mySwing-SoSe14-Bahlo,Wahl.cpp"
         mySwing-SoSe14-Bahlo,Wahl.cpp
     1>c:\users\johannes\documents\visual studio 2013\projects\myswing-sose14-bahlo,wahl\myswing-sose14-bahlo,wahl\opengl_ergaenzungen\mybitmap.h(52): warning C4005: 'BI_RGB': Makro-Neudefinition
                 c:\program files (x86)\windows kits\8.1\include\um\wingdi.h(897): Siehe vorherige Definition von 'BI_RGB'
     1>c:\users\johannes\documents\visual studio 2013\projects\myswing-sose14-bahlo,wahl\myswing-sose14-bahlo,wahl\opengl_ergaenzungen\mybitmap.h(53): warning C4005: 'BI_RLE8': Makro-Neudefinition
                 c:\program files (x86)\windows kits\8.1\include\um\wingdi.h(898): Siehe vorherige Definition von 'BI_RLE8'
     1>c:\users\johannes\documents\visual studio 2013\projects\myswing-sose14-bahlo,wahl\myswing-sose14-bahlo,wahl\opengl_ergaenzungen\mybitmap.h(54): warning C4005: 'BI_RLE4': Makro-Neudefinition
                 c:\program files (x86)\windows kits\8.1\include\um\wingdi.h(899): Siehe vorherige Definition von 'BI_RLE4'
     1>c:\users\johannes\documents\visual studio 2013\projects\myswing-sose14-bahlo,wahl\myswing-sose14-bahlo,wahl\opengl_ergaenzungen\mybitmap.h(77): warning C4996: 'fopen': This function or variable may be unsafe. Consider using fopen_s instead. To disable deprecation, use _CRT_SECURE_NO_WARNINGS. See online help for details.
                 c:\program files (x86)\microsoft visual studio 12.0\vc\include\stdio.h(211): Siehe Deklaration von 'fopen'
     1>c:\users\johannes\documents\visual studio 2013\projects\myswing-sose14-bahlo,wahl\myswing-sose14-bahlo,wahl\opengl_ergaenzungen\mybitmap.h(154): warning C4018: '<': Konflikt zwischen 'signed' und 'unsigned'
     1>c:\users\johannes\documents\visual studio 2013\projects\myswing-sose14-bahlo,wahl\myswing-sose14-bahlo,wahl\opengl_ergaenzungen\mybitmap.h(202): warning C4018: '<': Konflikt zwischen 'signed' und 'unsigned'
     1>c:\users\johannes\documents\visual studio 2013\projects\myswing-sose14-bahlo,wahl\myswing-sose14-bahlo,wahl\myswing-sose14-bahlo,wahl.cpp(131): warning C4305: 'Argument': Verkürzung von 'double' in 'GLfloat'
     1>c:\users\johannes\documents\visual studio 2013\projects\myswing-sose14-bahlo,wahl\myswing-sose14-bahlo,wahl\myswing-sose14-bahlo,wahl.cpp(138): warning C4305: 'Argument': Verkürzung von 'double' in 'GLfloat'
     1>c:\users\johannes\documents\visual studio 2013\projects\myswing-sose14-bahlo,wahl\myswing-sose14-bahlo,wahl\myswing-sose14-bahlo,wahl.cpp(145): warning C4244: 'Argument': Konvertierung von 'double' in 'GLfloat', möglicher Datenverlust
     1>c:\users\johannes\documents\visual studio 2013\projects\myswing-sose14-bahlo,wahl\myswing-sose14-bahlo,wahl\myswing-sose14-bahlo,wahl.cpp(150): warning C4305: 'Argument': Verkürzung von 'double' in 'GLfloat'
     1>c:\users\johannes\documents\visual studio 2013\projects\myswing-sose14-bahlo,wahl\myswing-sose14-bahlo,wahl\myswing-sose14-bahlo,wahl.cpp(151): warning C4305: 'Argument': Verkürzung von 'double' in 'GLfloat'
     1>c:\users\johannes\documents\visual studio 2013\projects\myswing-sose14-bahlo,wahl\myswing-sose14-bahlo,wahl\myswing-sose14-bahlo,wahl.cpp(152): warning C4244: 'Argument': Konvertierung von 'double' in 'GLfloat', möglicher Datenverlust
     1>c:\users\johannes\documents\visual studio 2013\projects\myswing-sose14-bahlo,wahl\myswing-sose14-bahlo,wahl\myswing-sose14-bahlo,wahl.cpp(301): warning C4244: '=': Konvertierung von 'double' in 'float', möglicher Datenverlust
     1>c:\users\johannes\documents\visual studio 2013\projects\myswing-sose14-bahlo,wahl\myswing-sose14-bahlo,wahl\myswing-sose14-bahlo,wahl.cpp(303): warning C4244: '=': Konvertierung von 'double' in 'float', möglicher Datenverlust
       Link:
         C:\Program Files (x86)\Microsoft Visual Studio 12.0\VC\bin\link.exe /ERRORREPORT:PROMPT /OUT:"C:\Users\Johannes\documents\visual studio 2013\Projects\mySwing-SoSe14-Bahlo,Wahl\Debug\mySwing-SoSe14-Bahlo,Wahl.exe" /INCREMENTAL /NOLOGO kernel32.lib user32.lib gdi32.lib winspool.lib comdlg32.lib advapi32.lib shell32.lib ole32.lib oleaut32.lib uuid.lib odbc32.lib odbccp32.lib /MANIFEST /MANIFESTUAC:"level='asInvoker' uiAccess='false'" /manifest:embed /DEBUG /PDB:"C:\Users\Johannes\documents\visual studio 2013\Projects\mySwing-SoSe14-Bahlo,Wahl\Debug\mySwing-SoSe14-Bahlo,Wahl.pdb" /SUBSYSTEM:CONSOLE /TLBID:1 /DYNAMICBASE /NXCOMPAT /IMPLIB:"C:\Users\Johannes\documents\visual studio 2013\Projects\mySwing-SoSe14-Bahlo,Wahl\Debug\mySwing-SoSe14-Bahlo,Wahl.lib" /MACHINE:X86 Debug\Wuerfel_mit_Normalen.obj
         Debug\stdafx.obj
         "Debug\mySwing-SoSe14-Bahlo,Wahl.obj"
         mySwing-SoSe14-Bahlo,Wahl.vcxproj -> C:\Users\Johannes\documents\visual studio 2013\Projects\mySwing-SoSe14-Bahlo,Wahl\Debug\mySwing-SoSe14-Bahlo,Wahl.exe
     1>Die Erstellung des Projekts "C:\Users\Johannes\documents\visual studio 2013\Projects\mySwing-SoSe14-Bahlo,Wahl\mySwing-SoSe14-Bahlo,Wahl\mySwing-SoSe14-Bahlo,Wahl.vcxproj" ist abgeschlossen, Build Ziel(e).

Build erfolgreich.

Verstrichene Zeit 00:00:01.58
