c:\users\johannes\documents\visual studio 2013\projects\myswing-sose14-bahlo,wahl\myswing-sose14-bahlo,wahl\debug\vc120.pdb
c:\users\johannes\documents\visual studio 2013\projects\myswing-sose14-bahlo,wahl\myswing-sose14-bahlo,wahl\debug\vc120.idb
c:\users\johannes\documents\visual studio 2013\projects\myswing-sose14-bahlo,wahl\myswing-sose14-bahlo,wahl\debug\myswing-sose14-bahlo,wahl.obj
c:\users\johannes\documents\visual studio 2013\projects\myswing-sose14-bahlo,wahl\myswing-sose14-bahlo,wahl\debug\stdafx.obj
c:\users\johannes\documents\visual studio 2013\projects\myswing-sose14-bahlo,wahl\myswing-sose14-bahlo,wahl\debug\wuerfel_mit_normalen.obj
c:\users\johannes\documents\visual studio 2013\projects\myswing-sose14-bahlo,wahl\myswing-sose14-bahlo,wahl\debug\texture.obj
c:\users\johannes\documents\github\gdv\semester4\myswing-sose14-bahlo,wahl\myswing-sose14-bahlo,wahl\debug\vc120.pdb
c:\users\johannes\documents\github\gdv\semester4\myswing-sose14-bahlo,wahl\myswing-sose14-bahlo,wahl\debug\vc120.idb
c:\users\johannes\documents\github\gdv\semester4\myswing-sose14-bahlo,wahl\myswing-sose14-bahlo,wahl\debug\wuerfel_mit_normalen.obj
c:\users\johannes\documents\github\gdv\semester4\myswing-sose14-bahlo,wahl\myswing-sose14-bahlo,wahl\debug\stdafx.obj
c:\users\johannes\documents\github\gdv\semester4\myswing-sose14-bahlo,wahl\myswing-sose14-bahlo,wahl\debug\myswing-sose14-bahlo,wahl.obj
c:\users\johannes\documents\visual studio 2013\projects\myswing-sose14-bahlo,wahl\debug\myswing-sose14-bahlo,wahl.ilk
c:\users\johannes\documents\visual studio 2013\projects\myswing-sose14-bahlo,wahl\debug\myswing-sose14-bahlo,wahl.exe
c:\users\johannes\documents\visual studio 2013\projects\myswing-sose14-bahlo,wahl\debug\myswing-sose14-bahlo,wahl.pdb
c:\users\johannes\documents\github\gdv\semester4\myswing-sose14-bahlo,wahl\debug\myswing-sose14-bahlo,wahl.ilk
c:\users\johannes\documents\github\gdv\semester4\myswing-sose14-bahlo,wahl\debug\myswing-sose14-bahlo,wahl.exe
c:\users\johannes\documents\github\gdv\semester4\myswing-sose14-bahlo,wahl\debug\myswing-sose14-bahlo,wahl.pdb
c:\users\johannes\documents\github\gdv\semester4\myswing-sose14-bahlo,wahl\myswing-sose14-bahlo,wahl\debug\texture.obj
c:\users\johannes\documents\github\gdv\semester4\myswing-sose14-bahlo,wahl\myswing-sose14-bahlo,wahl\debug\myswing-.ca9999b7.tlog\cl.command.1.tlog
c:\users\johannes\documents\github\gdv\semester4\myswing-sose14-bahlo,wahl\myswing-sose14-bahlo,wahl\debug\myswing-.ca9999b7.tlog\cl.read.1.tlog
c:\users\johannes\documents\github\gdv\semester4\myswing-sose14-bahlo,wahl\myswing-sose14-bahlo,wahl\debug\myswing-.ca9999b7.tlog\cl.write.1.tlog
c:\users\johannes\documents\github\gdv\semester4\myswing-sose14-bahlo,wahl\myswing-sose14-bahlo,wahl\debug\myswing-.ca9999b7.tlog\link.command.1.tlog
c:\users\johannes\documents\github\gdv\semester4\myswing-sose14-bahlo,wahl\myswing-sose14-bahlo,wahl\debug\myswing-.ca9999b7.tlog\link.read.1.tlog
c:\users\johannes\documents\github\gdv\semester4\myswing-sose14-bahlo,wahl\myswing-sose14-bahlo,wahl\debug\myswing-.ca9999b7.tlog\link.write.1.tlog
